Unity Editor version:    2020.3.27f1 (e759542391ea)
Branch:                  2020.3/release
Build type:              Release
Batch mode:              YES
macOS version:           Version 12.3.1 (Build 21E258)
Darwin version:          21.4.0
Architecture:            x86_64
Running under Rosetta:   YES
Available memory:        16384 MB
Using pre-set license
Pro License: NO

COMMAND LINE ARGUMENTS:
/Applications/Unity/Hub/Editor/2020.3.27f1/Unity.app/Contents/MacOS/Unity
-adb2
-batchMode
-noUpm
-name
AssetImportWorker0
-projectPath
/Users/mdh/Documents/GitHub/prototyping/247
-logFile
Logs/AssetImportWorker0.log
-srvPort
56238
Successfully changed project path to: /Users/mdh/Documents/GitHub/prototyping/247
/Users/mdh/Documents/GitHub/prototyping/247
Using Asset Import Pipeline V2.
Refreshing native plugins compatible for Editor in 27.67 ms, found 2 plugins.
Preloading 0 native plugins for Editor in 0.00 ms.
Initialize engine version: 2020.3.27f1 (e759542391ea)
[Subsystems] Discovering subsystems at path /Applications/Unity/Hub/Editor/2020.3.27f1/Unity.app/Contents/Resources/UnitySubsystems
[Subsystems] Discovering subsystems at path /Users/mdh/Documents/GitHub/prototyping/247/Assets
GfxDevice: creating device client; threaded=0
2022-06-13 14:21:40.587 Unity[38810:8738987] (null) preferred device: Apple M1 (high power)
2022-06-13 14:21:40.587 Unity[38810:8738987] Metal devices available: 1
2022-06-13 14:21:40.587 Unity[38810:8738987] 0: Apple M1 (high power)
2022-06-13 14:21:40.587 Unity[38810:8738987] Using device Apple M1 (high power)
Initializing Metal device caps: Apple M1
Initialize mono
Mono path[0] = '/Applications/Unity/Hub/Editor/2020.3.27f1/Unity.app/Contents/Managed'
Mono path[1] = '/Applications/Unity/Hub/Editor/2020.3.27f1/Unity.app/Contents/MonoBleedingEdge/lib/mono/unityjit'
Mono config path = '/Applications/Unity/Hub/Editor/2020.3.27f1/Unity.app/Contents/MonoBleedingEdge/etc'
Using monoOptions --debugger-agent=transport=dt_socket,embedding=1,server=y,suspend=n,address=127.0.0.1:56810
Begin MonoManager ReloadAssembly
Registering precompiled unity dll's ...
Register platform support module: /Applications/Unity/Hub/Editor/2020.3.27f1/PlaybackEngines/WebGLSupport/UnityEditor.WebGL.Extensions.dll
Register platform support module: /Applications/Unity/Hub/Editor/2020.3.27f1/Unity.app/Contents/PlaybackEngines/MacStandaloneSupport/UnityEditor.OSXStandalone.Extensions.dll
Registered in 0.002123 seconds.
Native extension for OSXStandalone target not found
Native extension for WebGL target not found
Refreshing native plugins compatible for Editor in 28.13 ms, found 2 plugins.
Preloading 0 native plugins for Editor in 0.00 ms.
Mono: successfully reloaded assembly
- Completed reload, in  1.222 seconds
Domain Reload Profiling:
	ReloadAssembly (1222ms)
		BeginReloadAssembly (107ms)
			ExecutionOrderSort (0ms)
			DisableScriptedObjects (0ms)
			BackupInstance (0ms)
			ReleaseScriptingObjects (0ms)
			CreateAndSetChildDomain (3ms)
		EndReloadAssembly (1001ms)
			LoadAssemblies (105ms)
			RebuildTransferFunctionScriptingTraits (0ms)
			SetupTypeCache (172ms)
			ReleaseScriptCaches (0ms)
			RebuildScriptCaches (40ms)
			SetupLoadedEditorAssemblies (515ms)
				LogAssemblyErrors (0ms)
				InitializePlatformSupportModulesInManaged (12ms)
				SetLoadedEditorAssemblies (0ms)
				RefreshPlugins (28ms)
				BeforeProcessingInitializeOnLoad (78ms)
				ProcessInitializeOnLoadAttributes (299ms)
				ProcessInitializeOnLoadMethodAttributes (97ms)
				AfterProcessingInitializeOnLoad (0ms)
				EditorAssembliesLoaded (0ms)
			ExecutionOrderSort2 (0ms)
			AwakeInstancesAfterBackupRestoration (0ms)
Platform modules already initialized, skipping
Registering precompiled user dll's ...
Registered in 0.004033 seconds.
Begin MonoManager ReloadAssembly
Native extension for OSXStandalone target not found
Native extension for WebGL target not found
Refreshing native plugins compatible for Editor in 0.29 ms, found 2 plugins.
Preloading 0 native plugins for Editor in 0.00 ms.
Mono: successfully reloaded assembly
- Completed reload, in  2.012 seconds
Domain Reload Profiling:
	ReloadAssembly (2014ms)
		BeginReloadAssembly (239ms)
			ExecutionOrderSort (0ms)
			DisableScriptedObjects (28ms)
			BackupInstance (0ms)
			ReleaseScriptingObjects (0ms)
			CreateAndSetChildDomain (31ms)
		EndReloadAssembly (1690ms)
			LoadAssemblies (182ms)
			RebuildTransferFunctionScriptingTraits (0ms)
			SetupTypeCache (314ms)
			ReleaseScriptCaches (0ms)
			RebuildScriptCaches (46ms)
			SetupLoadedEditorAssemblies (920ms)
				LogAssemblyErrors (0ms)
				InitializePlatformSupportModulesInManaged (15ms)
				SetLoadedEditorAssemblies (2ms)
				RefreshPlugins (0ms)
				BeforeProcessingInitializeOnLoad (186ms)
				ProcessInitializeOnLoadAttributes (688ms)
				ProcessInitializeOnLoadMethodAttributes (28ms)
				AfterProcessingInitializeOnLoad (1ms)
				EditorAssembliesLoaded (0ms)
			ExecutionOrderSort2 (0ms)
			AwakeInstancesAfterBackupRestoration (28ms)
Platform modules already initialized, skipping
Validating Project structure ... 0.000075 seconds.
Shader import version has changed; will reimport all shaders...
Upgrading shader files ...0.000142 seconds.
Application.AssetDatabase Initial Script Refresh Start
RefreshInfo: InitialScriptRefreshV2(NoUpdateAssetOptions) scanfilter:  ... 1 filters
RefreshProfiler: Total: 0.000ms
Application.AssetDatabase Initial Script Refresh End
Application.AssetDatabase.Refresh Start
Application.AssetDatabase.Refresh End
RefreshInfo: StopAssetImportingV2(ForceSynchronousImport) scanfilter: 
RefreshProfiler: Total: 0.000ms
Launching external process: /Applications/Unity/Hub/Editor/2020.3.27f1/Unity.app/Contents/Tools/UnityShaderCompiler
Launched and connected shader compiler UnityShaderCompiler after 0.03 seconds
Initializing Unity extensions:
2022-06-13 14:21:44.603 Unity[38810:8738987] NSEventModifierFlagFunction specified to -setKeyEquivalentModifierMask: for item <NSMenuItem: 0x600003214230 Font Asset, ke='Command-F12'>, but is only supported for system-provided menu items; will not be used
2022-06-13 14:21:44.606 Unity[38810:8738987] NSEventModifierFlagFunction specified to -setKeyEquivalentModifierMask: for item <NSMenuItem: 0x600003265490 Font Asset, ke='Command-F12'>, but is only supported for system-provided menu items; will not be used
========================================================================
Worker process is ready to serve import requests
Refreshing native plugins compatible for Editor in 0.27 ms, found 2 plugins.
Preloading 0 native plugins for Editor in 0.00 ms.
Unloading 1504 Unused Serialized files (Serialized files now loaded: 0)
System memory in use before: 177.9 MB.
System memory in use after: 177.0 MB.

Unloading 80 unused Assets to reduce memory usage. Loaded Objects now: 1975.
Total: 2.753042 ms (FindLiveObjects: 0.069791 ms CreateObjectMapping: 0.028750 ms MarkObjects: 2.267625 ms  DeleteObjects: 0.386042 ms)

AssetImportParameters requested are different than current active one (requested -> active):
  custom:video-decoder-ogg-theora: a1e56fd34408186e4bbccfd4996cb3dc -> 
  custom:container-muxer-webm: aa71ff27fc2769a1b78a27578f13a17b -> 
  custom:container-demuxer-webm: 4f35f7cbe854078d1ac9338744f61a02 -> 
  custom:container-demuxer-ogg: 62fdf1f143b41e24485cea50d1cbac27 -> 
  custom:video-encoder-webm-vp8: eb34c28f22e8b96e1ab97ce403110664 -> 
  custom:framework-osx-AVFoundation: e770b220cccbd017edd2c1fefb359320 -> 
  custom:video-decoder-webm-vp8: 9c59270c3fd7afecdb556c50c9e8de78 -> 
  custom:audio-decoder-ogg-vorbis: bf7c407c2cedff20999df2af8eb42d56 -> 
  custom:audio-encoder-webm-vorbis: bf7c407c2cedff20999df2af8eb42d56 -> 
========================================================================
Received Import Request.
  path: Assets/Scenes
  artifactKey: Guid(fed940d77de0b4689b6ea4866e8fcbf6) Importer(815301076,1909f56bfc062723c751e8b465ee728b)
Start importing Assets/Scenes using Guid(fed940d77de0b4689b6ea4866e8fcbf6) Importer(815301076,1909f56bfc062723c751e8b465ee728b)  -> (artifact id: '87879e65a2e8b509b44a741db2f4bf37') in 0.005464 seconds 
  Import took 0.007345 seconds .

========================================================================
Received Import Request.
  Time since last request: 0.876534 seconds.
  path: Assets/Scripts
  artifactKey: Guid(3d4b07b8e5f0c4f0f808d9a6e0b6b26d) Importer(815301076,1909f56bfc062723c751e8b465ee728b)
Start importing Assets/Scripts using Guid(3d4b07b8e5f0c4f0f808d9a6e0b6b26d) Importer(815301076,1909f56bfc062723c751e8b465ee728b)  -> (artifact id: '3509054eb921782e7604144e7b841dee') in 0.001312 seconds 
  Import took 0.003634 seconds .

========================================================================
Received Import Request.
  Time since last request: 13.095669 seconds.
  path: Assets/Scenes/StartScene.unity
  artifactKey: Guid(8daa6b96f07bc4ced8a31dbd96d0ab97) Importer(815301076,1909f56bfc062723c751e8b465ee728b)
Start importing Assets/Scenes/StartScene.unity using Guid(8daa6b96f07bc4ced8a31dbd96d0ab97) Importer(815301076,1909f56bfc062723c751e8b465ee728b)  -> (artifact id: '210716a9e59a5dd9cebee4884578f098') in 0.014754 seconds 
  Import took 0.016809 seconds .

========================================================================
Received Import Request.
  Time since last request: 805.237593 seconds.
  path: Assets/Scenes/GameScene.unity
  artifactKey: Guid(afc3fcd0b3c0748d99fa11022f92ce84) Importer(815301076,1909f56bfc062723c751e8b465ee728b)
Start importing Assets/Scenes/GameScene.unity using Guid(afc3fcd0b3c0748d99fa11022f92ce84) Importer(815301076,1909f56bfc062723c751e8b465ee728b)  -> (artifact id: 'cdc6222b7cd0bf628c5055df10c59370') in 0.010325 seconds 
  Import took 0.022868 seconds .

========================================================================
Received Import Request.
  Time since last request: 389.255092 seconds.
  path: Assets/Materials
  artifactKey: Guid(1f031002ac86f4e8c9a4e54012653f20) Importer(815301076,1909f56bfc062723c751e8b465ee728b)
Start importing Assets/Materials using Guid(1f031002ac86f4e8c9a4e54012653f20) Importer(815301076,1909f56bfc062723c751e8b465ee728b)  -> (artifact id: '5b4627b8c4bffa6e6718d41611ddaf2b') in 0.002099 seconds 
  Import took 0.009224 seconds .

========================================================================
Received Import Request.
  Time since last request: 18.474155 seconds.
  path: Assets/Materials/Black.mat
  artifactKey: Guid(a2aebd4bd61724db98c8420ea071a0b7) Importer(815301076,1909f56bfc062723c751e8b465ee728b)
Start importing Assets/Materials/Black.mat using Guid(a2aebd4bd61724db98c8420ea071a0b7) Importer(815301076,1909f56bfc062723c751e8b465ee728b)  -> (artifact id: '1c34d57098655a7ae659d1131b1b7ae6') in 0.888637 seconds 
  Import took 0.892688 seconds .

========================================================================
Received Import Request.
  Time since last request: 23.424844 seconds.
  path: Assets/Materials/Black.mat
  artifactKey: Guid(a2aebd4bd61724db98c8420ea071a0b7) Importer(815301076,1909f56bfc062723c751e8b465ee728b)
Start importing Assets/Materials/Black.mat using Guid(a2aebd4bd61724db98c8420ea071a0b7) Importer(815301076,1909f56bfc062723c751e8b465ee728b)  -> (artifact id: 'ddaff5be81889c9f806ce85bf9f49157') in 0.015349 seconds 
  Import took 0.017695 seconds .

