Unity Editor version:    2020.3.27f1 (e759542391ea)
Branch:                  2020.3/release
Build type:              Release
Batch mode:              YES
macOS version:           Version 12.5.1 (Build 21G83)
Darwin version:          21.6.0
Architecture:            x86_64
Running under Rosetta:   YES
Available memory:        16384 MB
Using pre-set license
Pro License: NO

COMMAND LINE ARGUMENTS:
/Applications/Unity/Hub/Editor/2020.3.27f1/Unity.app/Contents/MacOS/Unity
-adb2
-batchMode
-noUpm
-name
AssetImportWorker0
-projectPath
/Users/mdh/Documents/GitHub/prototyping/marie
-logFile
Logs/AssetImportWorker0.log
-srvPort
50566
Successfully changed project path to: /Users/mdh/Documents/GitHub/prototyping/marie
/Users/mdh/Documents/GitHub/prototyping/marie
Using Asset Import Pipeline V2.
Refreshing native plugins compatible for Editor in 33.54 ms, found 2 plugins.
Preloading 0 native plugins for Editor in 0.00 ms.
Initialize engine version: 2020.3.27f1 (e759542391ea)
[Subsystems] Discovering subsystems at path /Applications/Unity/Hub/Editor/2020.3.27f1/Unity.app/Contents/Resources/UnitySubsystems
[Subsystems] Discovering subsystems at path /Users/mdh/Documents/GitHub/prototyping/marie/Assets
GfxDevice: creating device client; threaded=0
2022-09-01 12:49:13.349 Unity[6465:142679] (null) preferred device: Apple M1 (high power)
2022-09-01 12:49:13.349 Unity[6465:142679] Metal devices available: 1
2022-09-01 12:49:13.349 Unity[6465:142679] 0: Apple M1 (high power)
2022-09-01 12:49:13.350 Unity[6465:142679] Using device Apple M1 (high power)
Initializing Metal device caps: Apple M1
Initialize mono
Mono path[0] = '/Applications/Unity/Hub/Editor/2020.3.27f1/Unity.app/Contents/Managed'
Mono path[1] = '/Applications/Unity/Hub/Editor/2020.3.27f1/Unity.app/Contents/MonoBleedingEdge/lib/mono/unityjit'
Mono config path = '/Applications/Unity/Hub/Editor/2020.3.27f1/Unity.app/Contents/MonoBleedingEdge/etc'
Using monoOptions --debugger-agent=transport=dt_socket,embedding=1,server=y,suspend=n,address=127.0.0.1:56465
Begin MonoManager ReloadAssembly
Registering precompiled unity dll's ...
Register platform support module: /Applications/Unity/Hub/Editor/2020.3.27f1/PlaybackEngines/WebGLSupport/UnityEditor.WebGL.Extensions.dll
Register platform support module: /Applications/Unity/Hub/Editor/2020.3.27f1/Unity.app/Contents/PlaybackEngines/MacStandaloneSupport/UnityEditor.OSXStandalone.Extensions.dll
Registered in 0.001955 seconds.
Native extension for OSXStandalone target not found
Native extension for WebGL target not found
Refreshing native plugins compatible for Editor in 31.25 ms, found 2 plugins.
Preloading 0 native plugins for Editor in 0.00 ms.
Mono: successfully reloaded assembly
- Completed reload, in  1.159 seconds
Domain Reload Profiling:
	ReloadAssembly (1160ms)
		BeginReloadAssembly (88ms)
			ExecutionOrderSort (0ms)
			DisableScriptedObjects (0ms)
			BackupInstance (0ms)
			ReleaseScriptingObjects (0ms)
			CreateAndSetChildDomain (2ms)
		EndReloadAssembly (962ms)
			LoadAssemblies (87ms)
			RebuildTransferFunctionScriptingTraits (0ms)
			SetupTypeCache (169ms)
			ReleaseScriptCaches (0ms)
			RebuildScriptCaches (40ms)
			SetupLoadedEditorAssemblies (491ms)
				LogAssemblyErrors (0ms)
				InitializePlatformSupportModulesInManaged (12ms)
				SetLoadedEditorAssemblies (0ms)
				RefreshPlugins (31ms)
				BeforeProcessingInitializeOnLoad (79ms)
				ProcessInitializeOnLoadAttributes (274ms)
				ProcessInitializeOnLoadMethodAttributes (94ms)
				AfterProcessingInitializeOnLoad (0ms)
				EditorAssembliesLoaded (0ms)
			ExecutionOrderSort2 (0ms)
			AwakeInstancesAfterBackupRestoration (0ms)
Platform modules already initialized, skipping
Registering precompiled user dll's ...
Registered in 0.004106 seconds.
Begin MonoManager ReloadAssembly
Native extension for OSXStandalone target not found
Native extension for WebGL target not found
Refreshing native plugins compatible for Editor in 0.34 ms, found 2 plugins.
Preloading 0 native plugins for Editor in 0.00 ms.
Mono: successfully reloaded assembly
- Completed reload, in  2.030 seconds
Domain Reload Profiling:
	ReloadAssembly (2032ms)
		BeginReloadAssembly (235ms)
			ExecutionOrderSort (0ms)
			DisableScriptedObjects (30ms)
			BackupInstance (0ms)
			ReleaseScriptingObjects (0ms)
			CreateAndSetChildDomain (29ms)
		EndReloadAssembly (1708ms)
			LoadAssemblies (180ms)
			RebuildTransferFunctionScriptingTraits (0ms)
			SetupTypeCache (314ms)
			ReleaseScriptCaches (1ms)
			RebuildScriptCaches (49ms)
			SetupLoadedEditorAssemblies (928ms)
				LogAssemblyErrors (0ms)
				InitializePlatformSupportModulesInManaged (15ms)
				SetLoadedEditorAssemblies (2ms)
				RefreshPlugins (0ms)
				BeforeProcessingInitializeOnLoad (194ms)
				ProcessInitializeOnLoadAttributes (689ms)
				ProcessInitializeOnLoadMethodAttributes (28ms)
				AfterProcessingInitializeOnLoad (1ms)
				EditorAssembliesLoaded (0ms)
			ExecutionOrderSort2 (0ms)
			AwakeInstancesAfterBackupRestoration (27ms)
Platform modules already initialized, skipping
Validating Project structure ... 0.001697 seconds.
Shader import version has changed; will reimport all shaders...
Upgrading shader files ...0.041173 seconds.
Application.AssetDatabase Initial Script Refresh Start
RefreshInfo: InitialScriptRefreshV2(NoUpdateAssetOptions) scanfilter:  ... 1 filters
RefreshProfiler: Total: 0.000ms
Application.AssetDatabase Initial Script Refresh End
Application.AssetDatabase.Refresh Start
Application.AssetDatabase.Refresh End
RefreshInfo: StopAssetImportingV2(ForceSynchronousImport) scanfilter: 
RefreshProfiler: Total: 0.000ms
Launching external process: /Applications/Unity/Hub/Editor/2020.3.27f1/Unity.app/Contents/Tools/UnityShaderCompiler
Launched and connected shader compiler UnityShaderCompiler after 0.02 seconds
Initializing Unity extensions:
2022-09-01 12:49:20.128 Unity[6465:142679] NSEventModifierFlagFunction specified to -setKeyEquivalentModifierMask: for item <NSMenuItem: 0x6000023b1110 Font Asset, ke='Command-F12'>, but is only supported for system-provided menu items; will not be used
2022-09-01 12:49:20.130 Unity[6465:142679] NSEventModifierFlagFunction specified to -setKeyEquivalentModifierMask: for item <NSMenuItem: 0x6000023a24c0 Font Asset, ke='Command-F12'>, but is only supported for system-provided menu items; will not be used
========================================================================
Worker process is ready to serve import requests
Refreshing native plugins compatible for Editor in 0.31 ms, found 2 plugins.
Preloading 0 native plugins for Editor in 0.00 ms.
Unloading 1636 Unused Serialized files (Serialized files now loaded: 0)
System memory in use before: 199.4 MB.
System memory in use after: 198.3 MB.

Unloading 127 unused Assets to reduce memory usage. Loaded Objects now: 2101.
Total: 2.440875 ms (FindLiveObjects: 0.081084 ms CreateObjectMapping: 0.031666 ms MarkObjects: 1.808459 ms  DeleteObjects: 0.519042 ms)

AssetImportParameters requested are different than current active one (requested -> active):
  custom:video-decoder-ogg-theora: a1e56fd34408186e4bbccfd4996cb3dc -> 
  custom:container-muxer-webm: aa71ff27fc2769a1b78a27578f13a17b -> 
  custom:container-demuxer-webm: 4f35f7cbe854078d1ac9338744f61a02 -> 
  custom:container-demuxer-ogg: 62fdf1f143b41e24485cea50d1cbac27 -> 
  custom:video-encoder-webm-vp8: eb34c28f22e8b96e1ab97ce403110664 -> 
  custom:framework-osx-AVFoundation: e770b220cccbd017edd2c1fefb359320 -> 
  custom:video-decoder-webm-vp8: 9c59270c3fd7afecdb556c50c9e8de78 -> 
  custom:audio-decoder-ogg-vorbis: bf7c407c2cedff20999df2af8eb42d56 -> 
  custom:audio-encoder-webm-vorbis: bf7c407c2cedff20999df2af8eb42d56 -> 
========================================================================
Received Import Request.
  path: Assets/PSXShaderKit
  artifactKey: Guid(661be637b8f904eb88a5e81c5c6d3c92) Importer(815301076,1909f56bfc062723c751e8b465ee728b)
Start importing Assets/PSXShaderKit using Guid(661be637b8f904eb88a5e81c5c6d3c92) Importer(815301076,1909f56bfc062723c751e8b465ee728b)  -> (artifact id: '32f7b573e56fed52be17d85c50f8bb70') in 0.005054 seconds 
  Import took 0.006888 seconds .

========================================================================
Received Import Request.
  Time since last request: 25.442088 seconds.
  path: Assets/#NVJOB Slender
  artifactKey: Guid(672bd9b17369a4358bda979f0ebd20bc) Importer(815301076,1909f56bfc062723c751e8b465ee728b)
Start importing Assets/#NVJOB Slender using Guid(672bd9b17369a4358bda979f0ebd20bc) Importer(815301076,1909f56bfc062723c751e8b465ee728b)  -> (artifact id: '7bd34870d6e7623193dd13d7060a1aff') in 0.001070 seconds 
  Import took 0.004061 seconds .

========================================================================
Received Import Request.
  Time since last request: 4.200382 seconds.
  path: Assets/#NVJOB Slender/Slender
  artifactKey: Guid(f60e9a2c37c147519c79b944310b477a) Importer(815301076,1909f56bfc062723c751e8b465ee728b)
Start importing Assets/#NVJOB Slender/Slender using Guid(f60e9a2c37c147519c79b944310b477a) Importer(815301076,1909f56bfc062723c751e8b465ee728b)  -> (artifact id: '85ec112ecd950ff583905521edf5df27') in 0.001224 seconds 
  Import took 0.004410 seconds .

========================================================================
Received Import Request.
  Time since last request: 2.705924 seconds.
  path: Assets/#NVJOB Slender/Slender/Prefab
  artifactKey: Guid(cd59c55062b24e559203fb8b141d510a) Importer(815301076,1909f56bfc062723c751e8b465ee728b)
Start importing Assets/#NVJOB Slender/Slender/Prefab using Guid(cd59c55062b24e559203fb8b141d510a) Importer(815301076,1909f56bfc062723c751e8b465ee728b)  -> (artifact id: '35d0967ce036b51fe8ec2171e557e063') in 0.001206 seconds 
  Import took 0.004569 seconds .

========================================================================
Received Import Request.
  Time since last request: 1.338105 seconds.
  path: Assets/#NVJOB Slender/Slender/Prefab/Slender.prefab
  artifactKey: Guid(c0ec2cd63f93487d92d6623d393c83ba) Importer(815301076,1909f56bfc062723c751e8b465ee728b)
Start importing Assets/#NVJOB Slender/Slender/Prefab/Slender.prefab using Guid(c0ec2cd63f93487d92d6623d393c83ba) Importer(815301076,1909f56bfc062723c751e8b465ee728b)  -> (artifact id: '26bc8cb0787839c167b51da68afaf567') in 0.605313 seconds 
  Import took 0.610334 seconds .

========================================================================
Received Import Request.
  Time since last request: 73.545488 seconds.
  path: Assets/PSXShaderKit/Shaders
  artifactKey: Guid(b55d8d2bd3ad19b42a21fcdc2fb8b8f4) Importer(815301076,1909f56bfc062723c751e8b465ee728b)
Start importing Assets/PSXShaderKit/Shaders using Guid(b55d8d2bd3ad19b42a21fcdc2fb8b8f4) Importer(815301076,1909f56bfc062723c751e8b465ee728b)  -> (artifact id: 'a4792d6e6956b849a4469245bd3afea7') in 0.001248 seconds 
  Import took 0.004834 seconds .

========================================================================
Received Import Request.
  Time since last request: 3.680353 seconds.
  path: Assets/PSXShaderKit/Shaders/PSX-Unlit Transparent.shader
  artifactKey: Guid(1b37d1cf11328ee44a1de83f6c28fbe6) Importer(815301076,1909f56bfc062723c751e8b465ee728b)
Start importing Assets/PSXShaderKit/Shaders/PSX-Unlit Transparent.shader using Guid(1b37d1cf11328ee44a1de83f6c28fbe6) Importer(815301076,1909f56bfc062723c751e8b465ee728b)  -> (artifact id: '2b6667a88c5e93e0b93d221965281441') in 0.057372 seconds 
  Import took 0.061806 seconds .

========================================================================
Received Import Request.
  Time since last request: 96.366221 seconds.
  path: Assets/PSXShaderKit/Shaders/ImageEffects
  artifactKey: Guid(0e619ea2bec5230408f75a455a0041a0) Importer(815301076,1909f56bfc062723c751e8b465ee728b)
Start importing Assets/PSXShaderKit/Shaders/ImageEffects using Guid(0e619ea2bec5230408f75a455a0041a0) Importer(815301076,1909f56bfc062723c751e8b465ee728b)  -> (artifact id: 'a7adf929729418f05a580c5458447fba') in 0.001181 seconds 
  Import took 0.004507 seconds .

========================================================================
Received Import Request.
  Time since last request: 6.384332 seconds.
  path: Assets/PSXShaderKit/Demo/PSXExample_CameraMovement.cs
  artifactKey: Guid(faf4171cb4dee5249b6795e3b9f35ff4) Importer(815301076,1909f56bfc062723c751e8b465ee728b)
Start importing Assets/PSXShaderKit/Demo/PSXExample_CameraMovement.cs using Guid(faf4171cb4dee5249b6795e3b9f35ff4) Importer(815301076,1909f56bfc062723c751e8b465ee728b)  -> (artifact id: 'c58f47488e3f3c859fa3fbbec0aa9feb') in 0.785111 seconds 
  Import took 0.789367 seconds .

========================================================================
Received Import Request.
  Time since last request: 0.948791 seconds.
  path: Assets/PSXShaderKit/Demo/Demo Scene.unity
  artifactKey: Guid(fcde39c9d7f2d954b9c02d05b59a9a83) Importer(815301076,1909f56bfc062723c751e8b465ee728b)
Start importing Assets/PSXShaderKit/Demo/Demo Scene.unity using Guid(fcde39c9d7f2d954b9c02d05b59a9a83) Importer(815301076,1909f56bfc062723c751e8b465ee728b)  -> (artifact id: 'a84c89a4f29cb535cbff15f7f00645d6') in 0.001264 seconds 
  Import took 0.003560 seconds .

========================================================================
Received Import Request.
  Time since last request: 67.662661 seconds.
  path: Assets/Scenes/SampleScene.unity
  artifactKey: Guid(9fc0d4010bbf28b4594072e72b8655ab) Importer(815301076,1909f56bfc062723c751e8b465ee728b)
Start importing Assets/Scenes/SampleScene.unity using Guid(9fc0d4010bbf28b4594072e72b8655ab) Importer(815301076,1909f56bfc062723c751e8b465ee728b)  -> (artifact id: 'f25492500007940a41096333b0e4ce03') in 0.001810 seconds 
  Import took 0.005299 seconds .

========================================================================
Received Prepare
Registering precompiled user dll's ...
Registered in 0.001786 seconds.
Begin MonoManager ReloadAssembly
Native extension for OSXStandalone target not found
Native extension for WebGL target not found
Refreshing native plugins compatible for Editor in 0.36 ms, found 2 plugins.
Preloading 0 native plugins for Editor in 0.00 ms.
2022-09-01 12:54:51.143 Unity[6465:142679] NSEventModifierFlagFunction specified to -setKeyEquivalentModifierMask: for item <NSMenuItem: 0x6000023c52d0 Font Asset, ke='Command-F12'>, but is only supported for system-provided menu items; will not be used
Mono: successfully reloaded assembly
- Completed reload, in  2.040 seconds
Domain Reload Profiling:
	ReloadAssembly (2041ms)
		BeginReloadAssembly (181ms)
			ExecutionOrderSort (0ms)
			DisableScriptedObjects (28ms)
			BackupInstance (0ms)
			ReleaseScriptingObjects (0ms)
			CreateAndSetChildDomain (61ms)
		EndReloadAssembly (1770ms)
			LoadAssemblies (163ms)
			RebuildTransferFunctionScriptingTraits (0ms)
			SetupTypeCache (322ms)
			ReleaseScriptCaches (1ms)
			RebuildScriptCaches (47ms)
			SetupLoadedEditorAssemblies (986ms)
				LogAssemblyErrors (0ms)
				InitializePlatformSupportModulesInManaged (15ms)
				SetLoadedEditorAssemblies (1ms)
				RefreshPlugins (0ms)
				BeforeProcessingInitializeOnLoad (234ms)
				ProcessInitializeOnLoadAttributes (713ms)
				ProcessInitializeOnLoadMethodAttributes (21ms)
				AfterProcessingInitializeOnLoad (1ms)
				EditorAssembliesLoaded (0ms)
			ExecutionOrderSort2 (0ms)
			AwakeInstancesAfterBackupRestoration (29ms)
Platform modules already initialized, skipping
Refreshing native plugins compatible for Editor in 0.31 ms, found 2 plugins.
Preloading 0 native plugins for Editor in 0.00 ms.
Unloading 1561 Unused Serialized files (Serialized files now loaded: 0)
System memory in use before: 216.9 MB.
System memory in use after: 216.8 MB.

Unloading 22 unused Assets to reduce memory usage. Loaded Objects now: 2111.
Total: 2.017417 ms (FindLiveObjects: 0.078875 ms CreateObjectMapping: 0.031667 ms MarkObjects: 1.752708 ms  DeleteObjects: 0.153333 ms)

AssetImportParameters requested are different than current active one (requested -> active):
  custom:video-decoder-ogg-theora: a1e56fd34408186e4bbccfd4996cb3dc -> 
  custom:container-muxer-webm: aa71ff27fc2769a1b78a27578f13a17b -> 
  custom:container-demuxer-webm: 4f35f7cbe854078d1ac9338744f61a02 -> 
  custom:container-demuxer-ogg: 62fdf1f143b41e24485cea50d1cbac27 -> 
  custom:video-encoder-webm-vp8: eb34c28f22e8b96e1ab97ce403110664 -> 
  custom:framework-osx-AVFoundation: e770b220cccbd017edd2c1fefb359320 -> 
  custom:video-decoder-webm-vp8: 9c59270c3fd7afecdb556c50c9e8de78 -> 
  custom:audio-decoder-ogg-vorbis: bf7c407c2cedff20999df2af8eb42d56 -> 
  custom:audio-encoder-webm-vorbis: bf7c407c2cedff20999df2af8eb42d56 -> 
