Unity Editor version:    2020.3.27f1 (e759542391ea)
Branch:                  2020.3/release
Build type:              Release
Batch mode:              YES
macOS version:           Version 12.5.1 (Build 21G83)
Darwin version:          21.6.0
Architecture:            x86_64
Running under Rosetta:   YES
Available memory:        16384 MB
Using pre-set license
Pro License: NO

COMMAND LINE ARGUMENTS:
/Applications/Unity/Hub/Editor/2020.3.27f1/Unity.app/Contents/MacOS/Unity
-adb2
-batchMode
-noUpm
-name
AssetImportWorker0
-projectPath
/Users/mdh/Documents/GitHub/prototyping/hugo
-logFile
Logs/AssetImportWorker0.log
-srvPort
50172
Successfully changed project path to: /Users/mdh/Documents/GitHub/prototyping/hugo
/Users/mdh/Documents/GitHub/prototyping/hugo
Using Asset Import Pipeline V2.
Refreshing native plugins compatible for Editor in 33.47 ms, found 2 plugins.
Preloading 0 native plugins for Editor in 0.00 ms.
Initialize engine version: 2020.3.27f1 (e759542391ea)
[Subsystems] Discovering subsystems at path /Applications/Unity/Hub/Editor/2020.3.27f1/Unity.app/Contents/Resources/UnitySubsystems
[Subsystems] Discovering subsystems at path /Users/mdh/Documents/GitHub/prototyping/hugo/Assets
GfxDevice: creating device client; threaded=0
2022-09-01 12:39:54.072 Unity[5732:134148] (null) preferred device: Apple M1 (high power)
2022-09-01 12:39:54.072 Unity[5732:134148] Metal devices available: 1
2022-09-01 12:39:54.072 Unity[5732:134148] 0: Apple M1 (high power)
2022-09-01 12:39:54.072 Unity[5732:134148] Using device Apple M1 (high power)
Initializing Metal device caps: Apple M1
Initialize mono
Mono path[0] = '/Applications/Unity/Hub/Editor/2020.3.27f1/Unity.app/Contents/Managed'
Mono path[1] = '/Applications/Unity/Hub/Editor/2020.3.27f1/Unity.app/Contents/MonoBleedingEdge/lib/mono/unityjit'
Mono config path = '/Applications/Unity/Hub/Editor/2020.3.27f1/Unity.app/Contents/MonoBleedingEdge/etc'
Using monoOptions --debugger-agent=transport=dt_socket,embedding=1,server=y,suspend=n,address=127.0.0.1:56732
Begin MonoManager ReloadAssembly
Registering precompiled unity dll's ...
Register platform support module: /Applications/Unity/Hub/Editor/2020.3.27f1/PlaybackEngines/WebGLSupport/UnityEditor.WebGL.Extensions.dll
Register platform support module: /Applications/Unity/Hub/Editor/2020.3.27f1/Unity.app/Contents/PlaybackEngines/MacStandaloneSupport/UnityEditor.OSXStandalone.Extensions.dll
Registered in 0.000413 seconds.
Native extension for OSXStandalone target not found
Native extension for WebGL target not found
Refreshing native plugins compatible for Editor in 32.00 ms, found 2 plugins.
Preloading 0 native plugins for Editor in 0.00 ms.
Mono: successfully reloaded assembly
- Completed reload, in  1.235 seconds
Domain Reload Profiling:
	ReloadAssembly (1235ms)
		BeginReloadAssembly (75ms)
			ExecutionOrderSort (0ms)
			DisableScriptedObjects (0ms)
			BackupInstance (0ms)
			ReleaseScriptingObjects (0ms)
			CreateAndSetChildDomain (3ms)
		EndReloadAssembly (1045ms)
			LoadAssemblies (73ms)
			RebuildTransferFunctionScriptingTraits (0ms)
			SetupTypeCache (179ms)
			ReleaseScriptCaches (0ms)
			RebuildScriptCaches (41ms)
			SetupLoadedEditorAssemblies (541ms)
				LogAssemblyErrors (0ms)
				InitializePlatformSupportModulesInManaged (12ms)
				SetLoadedEditorAssemblies (1ms)
				RefreshPlugins (32ms)
				BeforeProcessingInitializeOnLoad (84ms)
				ProcessInitializeOnLoadAttributes (311ms)
				ProcessInitializeOnLoadMethodAttributes (102ms)
				AfterProcessingInitializeOnLoad (0ms)
				EditorAssembliesLoaded (0ms)
			ExecutionOrderSort2 (0ms)
			AwakeInstancesAfterBackupRestoration (0ms)
Platform modules already initialized, skipping
Registering precompiled user dll's ...
Registered in 0.003469 seconds.
Begin MonoManager ReloadAssembly
Native extension for OSXStandalone target not found
Native extension for WebGL target not found
Refreshing native plugins compatible for Editor in 0.33 ms, found 2 plugins.
Preloading 0 native plugins for Editor in 0.00 ms.
Mono: successfully reloaded assembly
- Completed reload, in  2.125 seconds
Domain Reload Profiling:
	ReloadAssembly (2128ms)
		BeginReloadAssembly (247ms)
			ExecutionOrderSort (0ms)
			DisableScriptedObjects (31ms)
			BackupInstance (0ms)
			ReleaseScriptingObjects (0ms)
			CreateAndSetChildDomain (32ms)
		EndReloadAssembly (1789ms)
			LoadAssemblies (180ms)
			RebuildTransferFunctionScriptingTraits (0ms)
			SetupTypeCache (327ms)
			ReleaseScriptCaches (0ms)
			RebuildScriptCaches (49ms)
			SetupLoadedEditorAssemblies (984ms)
				LogAssemblyErrors (0ms)
				InitializePlatformSupportModulesInManaged (16ms)
				SetLoadedEditorAssemblies (2ms)
				RefreshPlugins (0ms)
				BeforeProcessingInitializeOnLoad (194ms)
				ProcessInitializeOnLoadAttributes (740ms)
				ProcessInitializeOnLoadMethodAttributes (30ms)
				AfterProcessingInitializeOnLoad (1ms)
				EditorAssembliesLoaded (0ms)
			ExecutionOrderSort2 (0ms)
			AwakeInstancesAfterBackupRestoration (28ms)
Platform modules already initialized, skipping
Validating Project structure ... 0.001527 seconds.
Shader import version has changed; will reimport all shaders...
Upgrading shader files ...0.002281 seconds.
Application.AssetDatabase Initial Script Refresh Start
RefreshInfo: InitialScriptRefreshV2(NoUpdateAssetOptions) scanfilter:  ... 1 filters
RefreshProfiler: Total: 0.000ms
Application.AssetDatabase Initial Script Refresh End
Application.AssetDatabase.Refresh Start
Application.AssetDatabase.Refresh End
RefreshInfo: StopAssetImportingV2(ForceSynchronousImport) scanfilter: 
RefreshProfiler: Total: 0.000ms
Launching external process: /Applications/Unity/Hub/Editor/2020.3.27f1/Unity.app/Contents/Tools/UnityShaderCompiler
Launched and connected shader compiler UnityShaderCompiler after 0.03 seconds
Initializing Unity extensions:
2022-09-01 12:39:58.286 Unity[5732:134148] NSEventModifierFlagFunction specified to -setKeyEquivalentModifierMask: for item <NSMenuItem: 0x600001c91030 Font Asset, ke='Command-F12'>, but is only supported for system-provided menu items; will not be used
2022-09-01 12:39:58.289 Unity[5732:134148] NSEventModifierFlagFunction specified to -setKeyEquivalentModifierMask: for item <NSMenuItem: 0x600001c9fa30 Font Asset, ke='Command-F12'>, but is only supported for system-provided menu items; will not be used
========================================================================
Worker process is ready to serve import requests
Refreshing native plugins compatible for Editor in 0.28 ms, found 2 plugins.
Preloading 0 native plugins for Editor in 0.00 ms.
Unloading 1511 Unused Serialized files (Serialized files now loaded: 0)
System memory in use before: 179.2 MB.
System memory in use after: 178.4 MB.

Unloading 85 unused Assets to reduce memory usage. Loaded Objects now: 1981.
Total: 2.530625 ms (FindLiveObjects: 0.098042 ms CreateObjectMapping: 0.032333 ms MarkObjects: 1.996583 ms  DeleteObjects: 0.402625 ms)

AssetImportParameters requested are different than current active one (requested -> active):
  custom:video-decoder-ogg-theora: a1e56fd34408186e4bbccfd4996cb3dc -> 
  custom:container-muxer-webm: aa71ff27fc2769a1b78a27578f13a17b -> 
  custom:container-demuxer-webm: 4f35f7cbe854078d1ac9338744f61a02 -> 
  custom:container-demuxer-ogg: 62fdf1f143b41e24485cea50d1cbac27 -> 
  custom:video-encoder-webm-vp8: eb34c28f22e8b96e1ab97ce403110664 -> 
  custom:framework-osx-AVFoundation: e770b220cccbd017edd2c1fefb359320 -> 
  custom:video-decoder-webm-vp8: 9c59270c3fd7afecdb556c50c9e8de78 -> 
  custom:audio-decoder-ogg-vorbis: bf7c407c2cedff20999df2af8eb42d56 -> 
  custom:audio-encoder-webm-vorbis: bf7c407c2cedff20999df2af8eb42d56 -> 
========================================================================
Received Import Request.
  path: Assets/Cainos
  artifactKey: Guid(e1d83707447ee4228bedb076cb9e1a05) Importer(815301076,1909f56bfc062723c751e8b465ee728b)
Start importing Assets/Cainos using Guid(e1d83707447ee4228bedb076cb9e1a05) Importer(815301076,1909f56bfc062723c751e8b465ee728b)  -> (artifact id: 'f43366bee266e23ce7abfa4d5f030ffb') in 0.005185 seconds 
  Import took 0.007107 seconds .

========================================================================
Received Import Request.
  Time since last request: 0.000250 seconds.
  path: Assets/Cainos/Pixel Art Top Down - Basic
  artifactKey: Guid(16e6903942d9bf94d9dd684620613d02) Importer(815301076,1909f56bfc062723c751e8b465ee728b)
Start importing Assets/Cainos/Pixel Art Top Down - Basic using Guid(16e6903942d9bf94d9dd684620613d02) Importer(815301076,1909f56bfc062723c751e8b465ee728b)  -> (artifact id: 'c0ce34b451fbe08daae087a6ec69278c') in 0.000638 seconds 
  Import took 0.002075 seconds .

========================================================================
Received Import Request.
  Time since last request: 2.472325 seconds.
  path: Assets/Scenes/SampleScene.unity
  artifactKey: Guid(9fc0d4010bbf28b4594072e72b8655ab) Importer(815301076,1909f56bfc062723c751e8b465ee728b)
Start importing Assets/Scenes/SampleScene.unity using Guid(9fc0d4010bbf28b4594072e72b8655ab) Importer(815301076,1909f56bfc062723c751e8b465ee728b)  -> (artifact id: '85059f4f9e1a832ed95adaa0d25c5c4c') in 0.015041 seconds 
  Import took 0.017023 seconds .

========================================================================
Received Import Request.
  Time since last request: 10.884114 seconds.
  path: Assets/Cainos/Pixel Art Top Down - Basic/Animation
  artifactKey: Guid(c89e3d2b43fc205448e78ae1dcd61d9f) Importer(815301076,1909f56bfc062723c751e8b465ee728b)
Start importing Assets/Cainos/Pixel Art Top Down - Basic/Animation using Guid(c89e3d2b43fc205448e78ae1dcd61d9f) Importer(815301076,1909f56bfc062723c751e8b465ee728b)  -> (artifact id: '32617c2eeda25fa74f78359a12bb426c') in 0.001018 seconds 
  Import took 0.003182 seconds .

========================================================================
Received Import Request.
  Time since last request: 0.799433 seconds.
  path: Assets/Cainos/Pixel Art Top Down - Basic/Prefab
  artifactKey: Guid(4451b78203ce1474caa69f68067a0221) Importer(815301076,1909f56bfc062723c751e8b465ee728b)
Start importing Assets/Cainos/Pixel Art Top Down - Basic/Prefab using Guid(4451b78203ce1474caa69f68067a0221) Importer(815301076,1909f56bfc062723c751e8b465ee728b)  -> (artifact id: '5fbf68248b1768db62f87cff2ce285af') in 0.000924 seconds 
  Import took 0.003231 seconds .

========================================================================
Received Import Request.
  Time since last request: 1.073419 seconds.
  path: Assets/Cainos/Pixel Art Top Down - Basic/Scene
  artifactKey: Guid(5f41ae091d9f7be4798cc5dbc7f22d83) Importer(815301076,1909f56bfc062723c751e8b465ee728b)
Start importing Assets/Cainos/Pixel Art Top Down - Basic/Scene using Guid(5f41ae091d9f7be4798cc5dbc7f22d83) Importer(815301076,1909f56bfc062723c751e8b465ee728b)  -> (artifact id: '3f7656229a0b52da2e012650d8729512') in 0.001079 seconds 
  Import took 0.003648 seconds .

========================================================================
Received Import Request.
  Time since last request: 1.419229 seconds.
  path: Assets/Cainos/Pixel Art Top Down - Basic/Scene/SC All Props.unity
  artifactKey: Guid(d9a9fd5182a4025429c97a869864056e) Importer(815301076,1909f56bfc062723c751e8b465ee728b)
Start importing Assets/Cainos/Pixel Art Top Down - Basic/Scene/SC All Props.unity using Guid(d9a9fd5182a4025429c97a869864056e) Importer(815301076,1909f56bfc062723c751e8b465ee728b)  -> (artifact id: 'b83e69aaa7f140426a7016242d0aa4f7') in 0.001601 seconds 
  Import took 0.003898 seconds .

========================================================================
Received Import Request.
  Time since last request: 13.878656 seconds.
  path: Assets/Cainos/Pixel Art Top Down - Basic/Scene/SC Pixel Art Top Down - Basic.unity
  artifactKey: Guid(86e89bd9e4a9c5245a015cf17e3c0aae) Importer(815301076,1909f56bfc062723c751e8b465ee728b)
Start importing Assets/Cainos/Pixel Art Top Down - Basic/Scene/SC Pixel Art Top Down - Basic.unity using Guid(86e89bd9e4a9c5245a015cf17e3c0aae) Importer(815301076,1909f56bfc062723c751e8b465ee728b)  -> (artifact id: '10a3c174d97c22e85f901c304ecc12f8') in 0.001611 seconds 
  Import took 0.004174 seconds .

========================================================================
Received Import Request.
  Time since last request: 12.245936 seconds.
  path: Assets/Cainos/Pixel Art Top Down - Basic/Prefab/Props
  artifactKey: Guid(549c9282ce98c674f9c8e0145c20eb7e) Importer(815301076,1909f56bfc062723c751e8b465ee728b)
Start importing Assets/Cainos/Pixel Art Top Down - Basic/Prefab/Props using Guid(549c9282ce98c674f9c8e0145c20eb7e) Importer(815301076,1909f56bfc062723c751e8b465ee728b)  -> (artifact id: '100c2889f0d7c39536ffe67231507d6f') in 0.001402 seconds 
  Import took 0.003871 seconds .

========================================================================
Received Import Request.
  Time since last request: 1.534946 seconds.
  path: Assets/Cainos/Pixel Art Top Down - Basic/Prefab/Props/PF Props Brick T1.prefab
  artifactKey: Guid(ebdc6ef285e0bf542bed7e9c1bfb9923) Importer(815301076,1909f56bfc062723c751e8b465ee728b)
Start importing Assets/Cainos/Pixel Art Top Down - Basic/Prefab/Props/PF Props Brick T1.prefab using Guid(ebdc6ef285e0bf542bed7e9c1bfb9923) Importer(815301076,1909f56bfc062723c751e8b465ee728b)  -> (artifact id: '268e77f75d7c02df5b5e1221cabd0ca7') in 0.634863 seconds 
  Import took 0.638511 seconds .

========================================================================
Received Import Request.
  Time since last request: 3.226012 seconds.
  path: Assets/Cainos/Pixel Art Top Down - Basic/Preset/Tags & Layers - Pixel Art Top Down - Basic.preset
  artifactKey: Guid(9c251c5594f708844890276e5d8b709a) Importer(815301076,1909f56bfc062723c751e8b465ee728b)
Start importing Assets/Cainos/Pixel Art Top Down - Basic/Preset/Tags & Layers - Pixel Art Top Down - Basic.preset using Guid(9c251c5594f708844890276e5d8b709a) Importer(815301076,1909f56bfc062723c751e8b465ee728b)  -> (artifact id: '844dc4d84fca870dfc21841f7f7b0a68') in 0.054919 seconds 
  Import took 0.058468 seconds .

========================================================================
Received Import Request.
  Time since last request: 4.767256 seconds.
  path: Assets/Cainos/Pixel Art Top Down - Basic/Tile Palette/TP Grass.prefab
  artifactKey: Guid(02a081c3d25f8e54396b0c278f77e6f6) Importer(815301076,1909f56bfc062723c751e8b465ee728b)
Start importing Assets/Cainos/Pixel Art Top Down - Basic/Tile Palette/TP Grass.prefab using Guid(02a081c3d25f8e54396b0c278f77e6f6) Importer(815301076,1909f56bfc062723c751e8b465ee728b)  -> (artifact id: '33b10c950d8a6d01dd7fa3ad0e5a83fc') in 0.030029 seconds 
  Import took 0.032591 seconds .

========================================================================
Received Import Request.
  Time since last request: 41.292174 seconds.
  path: Assets/Cainos/Pixel Art Platformer - Village Props/Texture
  artifactKey: Guid(4fb7661537e28884697bca33184bdaa0) Importer(815301076,1909f56bfc062723c751e8b465ee728b)
Start importing Assets/Cainos/Pixel Art Platformer - Village Props/Texture using Guid(4fb7661537e28884697bca33184bdaa0) Importer(815301076,1909f56bfc062723c751e8b465ee728b)  -> (artifact id: '49218b2e2a296db1cad4179661b2a9fb') in 0.001648 seconds 
  Import took 0.004806 seconds .

========================================================================
Received Import Request.
  Time since last request: 0.839247 seconds.
  path: Assets/Cainos/Pixel Art Platformer - Village Props/Scene
  artifactKey: Guid(3e5bc175231773446846774743597c2f) Importer(815301076,1909f56bfc062723c751e8b465ee728b)
Start importing Assets/Cainos/Pixel Art Platformer - Village Props/Scene using Guid(3e5bc175231773446846774743597c2f) Importer(815301076,1909f56bfc062723c751e8b465ee728b)  -> (artifact id: '5ac6268745c63c31f7dd257fa1aec85e') in 0.001223 seconds 
  Import took 0.004722 seconds .

========================================================================
Received Import Request.
  Time since last request: 1.978950 seconds.
  path: Assets/Cainos/Pixel Art Platformer - Village Props/Scene/SC Demo Scene - Village Props.unity
  artifactKey: Guid(104b0d14871d44f4881963af94f49350) Importer(815301076,1909f56bfc062723c751e8b465ee728b)
Start importing Assets/Cainos/Pixel Art Platformer - Village Props/Scene/SC Demo Scene - Village Props.unity using Guid(104b0d14871d44f4881963af94f49350) Importer(815301076,1909f56bfc062723c751e8b465ee728b)  -> (artifact id: '1b57468f3bed30c1fe532bf491366279') in 0.001639 seconds 
  Import took 0.005116 seconds .

========================================================================
Received Import Request.
  Time since last request: 95.427511 seconds.
  path: Assets/Cainos/Pixel Art Platformer - Village Props/Texture/TX Particle Flame.png
  artifactKey: Guid(cfcfd3af954eeb54cb041fe6d75a983b) Importer(815301076,1909f56bfc062723c751e8b465ee728b)
Start importing Assets/Cainos/Pixel Art Platformer - Village Props/Texture/TX Particle Flame.png using Guid(cfcfd3af954eeb54cb041fe6d75a983b) Importer(815301076,1909f56bfc062723c751e8b465ee728b)  -> (artifact id: 'c07b3dcc4a10ae241e7b1f628c55bb1c') in 0.399895 seconds 
  Import took 0.404386 seconds .

========================================================================
Received Import Request.
  Time since last request: 5.400256 seconds.
  path: Assets/Cainos/Pixel Art Platformer - Village Props/Prefab/PF Village Props - Anvil.prefab
  artifactKey: Guid(c2f614a8e0864dc428810ace2ccc1584) Importer(815301076,1909f56bfc062723c751e8b465ee728b)
Start importing Assets/Cainos/Pixel Art Platformer - Village Props/Prefab/PF Village Props - Anvil.prefab using Guid(c2f614a8e0864dc428810ace2ccc1584) Importer(815301076,1909f56bfc062723c751e8b465ee728b)  -> (artifact id: '262eae0be9f0dda9f83d1d225d5eebf8') in 0.025231 seconds 
  Import took 0.027283 seconds .

========================================================================
Received Import Request.
  Time since last request: 0.807036 seconds.
  path: Assets/Cainos/Pixel Art Platformer - Village Props/Prefab/PF Village Props - Apple.prefab
  artifactKey: Guid(d732c433f052247478d37fac6cedfe30) Importer(815301076,1909f56bfc062723c751e8b465ee728b)
Start importing Assets/Cainos/Pixel Art Platformer - Village Props/Prefab/PF Village Props - Apple.prefab using Guid(d732c433f052247478d37fac6cedfe30) Importer(815301076,1909f56bfc062723c751e8b465ee728b)  -> (artifact id: 'e71ddeb56e806220a318a317e16f8a27') in 0.008528 seconds 
  Import took 0.010723 seconds .

========================================================================
Received Import Request.
  Time since last request: 0.559855 seconds.
  path: Assets/Cainos/Pixel Art Platformer - Village Props/Prefab/PF Village Props - Arrow.prefab
  artifactKey: Guid(27277137d0605bd45bd741cdb791e0c1) Importer(815301076,1909f56bfc062723c751e8b465ee728b)
Start importing Assets/Cainos/Pixel Art Platformer - Village Props/Prefab/PF Village Props - Arrow.prefab using Guid(27277137d0605bd45bd741cdb791e0c1) Importer(815301076,1909f56bfc062723c751e8b465ee728b)  -> (artifact id: '37ab853956cd9b72f58a5e9b4dc935eb') in 0.008572 seconds 
  Import took 0.010942 seconds .

========================================================================
Received Import Request.
  Time since last request: 0.589028 seconds.
  path: Assets/Cainos/Pixel Art Platformer - Village Props/Prefab/PF Village Props - Barricade.prefab
  artifactKey: Guid(e0868e2099f22704cb8f4781f4dffe5f) Importer(815301076,1909f56bfc062723c751e8b465ee728b)
Start importing Assets/Cainos/Pixel Art Platformer - Village Props/Prefab/PF Village Props - Barricade.prefab using Guid(e0868e2099f22704cb8f4781f4dffe5f) Importer(815301076,1909f56bfc062723c751e8b465ee728b)  -> (artifact id: 'd85c01b6ac7c7aec9779c3898be2cfab') in 0.008510 seconds 
  Import took 0.010681 seconds .

========================================================================
Received Import Request.
  Time since last request: 3.090432 seconds.
  path: Assets/Cainos/Pixel Art Platformer - Village Props/Tileset Palette/TP Ground.prefab
  artifactKey: Guid(027db5ce1ff2f4142b49c3de3b59625a) Importer(815301076,1909f56bfc062723c751e8b465ee728b)
Start importing Assets/Cainos/Pixel Art Platformer - Village Props/Tileset Palette/TP Ground.prefab using Guid(027db5ce1ff2f4142b49c3de3b59625a) Importer(815301076,1909f56bfc062723c751e8b465ee728b)  -> (artifact id: '3242e5188cf9696b8ac328e49e832d4b') in 0.020370 seconds 
  Import took 0.023306 seconds .

========================================================================
Received Import Request.
  Time since last request: 2.786588 seconds.
  path: Assets/Cainos/Pixel Art Platformer - Village Props/Tileset Palette/TP Ground
  artifactKey: Guid(0342b4881245d184c837b80b9af11220) Importer(815301076,1909f56bfc062723c751e8b465ee728b)
Start importing Assets/Cainos/Pixel Art Platformer - Village Props/Tileset Palette/TP Ground using Guid(0342b4881245d184c837b80b9af11220) Importer(815301076,1909f56bfc062723c751e8b465ee728b)  -> (artifact id: '7bddc80980d67cbe596efd1659a4c100') in 0.000761 seconds 
  Import took 0.002544 seconds .

========================================================================
Received Import Request.
  Time since last request: 33.445605 seconds.
  path: Assets/Cainos/Pixel Art Top Down - Basic/Prefab/Player
  artifactKey: Guid(cfa9631201d3f8048a776a0c31d57a58) Importer(815301076,1909f56bfc062723c751e8b465ee728b)
Start importing Assets/Cainos/Pixel Art Top Down - Basic/Prefab/Player using Guid(cfa9631201d3f8048a776a0c31d57a58) Importer(815301076,1909f56bfc062723c751e8b465ee728b)  -> (artifact id: '9d9b001abd6d8cf62f2b930f10332ae9') in 0.000659 seconds 
  Import took 0.002621 seconds .

========================================================================
Received Import Request.
  Time since last request: 1.355432 seconds.
  path: Assets/Cainos/Pixel Art Top Down - Basic/Prefab/Player/PF Player.prefab
  artifactKey: Guid(ef67ba864d1ecc042b5f4cf48455c0a6) Importer(815301076,1909f56bfc062723c751e8b465ee728b)
Start importing Assets/Cainos/Pixel Art Top Down - Basic/Prefab/Player/PF Player.prefab using Guid(ef67ba864d1ecc042b5f4cf48455c0a6) Importer(815301076,1909f56bfc062723c751e8b465ee728b)  -> (artifact id: 'b198dfc5bc82ab1f6e092d22dfe2fda9') in 0.016550 seconds 
  Import took 0.018855 seconds .

